<?xml version="1.0" encoding="UTF-8"?>
<coverage generated="1751901318134" clover="3.2.0">
  <project timestamp="1751901318134" name="All files">
    <metrics statements="13" coveredstatements="12" conditionals="6" coveredconditionals="5" methods="4" coveredmethods="4" elements="23" coveredelements="21" complexity="0" loc="13" ncloc="13" packages="1" files="1" classes="1"/>
    <file name="calculatrice.js" path="C:\Users\wilfr\OneDrive\Bureau\TEST-TDD\src\calculatrice.js">
      <metrics statements="13" coveredstatements="12" conditionals="6" coveredconditionals="5" methods="4" coveredmethods="4"/>
      <line num="4" count="8" type="cond" truecount="4" falsecount="0"/>
      <line num="5" count="4" type="stmt"/>
      <line num="11" count="2" type="stmt"/>
      <line num="12" count="1" type="stmt"/>
      <line num="16" count="2" type="stmt"/>
      <line num="17" count="1" type="stmt"/>
      <line num="21" count="2" type="stmt"/>
      <line num="22" count="1" type="stmt"/>
      <line num="26" count="2" type="stmt"/>
      <line num="27" count="1" type="cond" truecount="1" falsecount="1"/>
      <line num="28" count="0" type="stmt"/>
      <line num="30" count="1" type="stmt"/>
      <line num="34" count="1" type="stmt"/>
    </file>
  </project>
</coverage>
